<?xml version="1.0" encoding="UTF-8"?>
<!-- Generated by org.testng.reporters.JUnitXMLReporter -->
<testsuite ignored="0" hostname="LAPTOP-GHOV1HBR" failures="1" tests="14" name="Test" time="64.604" errors="0" timestamp="2023-07-24T19:57:59 IST">
  <testcase classname="com.tutorialsqa.testcases.RegisterTest" name="verifyregisterwithmandatoryfeilds" time="1.815"/>
  <testcase classname="com.tutorialsqa.testcases.RegisterTest" name="verifyregisterwithallfeilds" time="1.83"/>
  <testcase classname="com.tutorialsqa.testcases.RegisterTest" name="verifyregisterwithexistingemail" time="1.509"/>
  <testcase classname="com.tutorialsqa.testcases.RegisterTest" name="verifyregisterwithoutgivingdetails" time="1.233"/>
  <testcase classname="com.tutorialsqa.testcases.LoginTest" name="verifyloginwithvalidcredentials" time="1.138"/>
  <testcase classname="com.tutorialsqa.testcases.LoginTest" name="verifyloginwithvalidcredentials" time="1.125"/>
  <testcase classname="com.tutorialsqa.testcases.LoginTest" name="verifyloginwithvalidcredentials" time="1.164"/>
  <testcase classname="com.tutorialsqa.testcases.LoginTest" name="verifyinvlaidlogincredentials" time="0.952"/>
  <testcase classname="com.tutorialsqa.testcases.LoginTest" name="verifyinvlaidemailandvalidpass" time="1.064"/>
  <testcase classname="com.tutorialsqa.testcases.LoginTest" name="verifyvlaidemailandinvalidpass" time="0.813"/>
  <testcase classname="com.tutorialsqa.testcases.LoginTest" name="verifywthoutcred" time="0.625"/>
  <testcase classname="com.tutorialsqa.testcases.SearchTest" name="verifysearchwithvalidprod" time="0.534"/>
  <testcase classname="com.tutorialsqa.testcases.SearchTest" name="verifysearchwithinvalidprod" time="0.492">
    <failure type="java.lang.AssertionError" message="expected [true] but found [false]">
      <![CDATA[java.lang.AssertionError: expected [true] but found [false]
at com.tutorialsqa.testcases.SearchTest.verifysearchwithinvalidprod(SearchTest.java:59)
at java.base/java.util.ArrayList.forEach(ArrayList.java:1511)
... Removed 31 stack frames]]>
    </failure>
  </testcase> <!-- verifysearchwithinvalidprod -->
  <testcase classname="com.tutorialsqa.testcases.SearchTest" name="verifysearchwithoutprodname" time="0.0">
    <skipped/>
  </testcase> <!-- verifysearchwithoutprodname -->
</testsuite> <!-- Test -->
