<html>
<head>
<title>TestNG:  Test</title>
<link href="../testng.css" rel="stylesheet" type="text/css" />
<link href="../my-testng.css" rel="stylesheet" type="text/css" />

<style type="text/css">
.log { display: none;} 
.stack-trace { display: none;} 
</style>
<script type="text/javascript">
<!--
function flip(e) {
  current = e.style.display;
  if (current == 'block') {
    e.style.display = 'none';
    return 0;
  }
  else {
    e.style.display = 'block';
    return 1;
  }
}

function toggleBox(szDivId, elem, msg1, msg2)
{
  var res = -1;  if (document.getElementById) {
    res = flip(document.getElementById(szDivId));
  }
  else if (document.all) {
    // this is the way old msie versions work
    res = flip(document.all[szDivId]);
  }
  if(elem) {
    if(res == 0) elem.innerHTML = msg1; else elem.innerHTML = msg2;
  }

}

function toggleAllBoxes() {
  if (document.getElementsByTagName) {
    d = document.getElementsByTagName('div');
    for (i = 0; i < d.length; i++) {
      if (d[i].className == 'log') {
        flip(d[i]);
      }
    }
  }
}

// -->
</script>

</head>
<body>
<h2 align='center'>Test</h2><table border='1' align="center">
<tr>
<td>Tests passed/Failed/Skipped:</td><td>12/1/1</td>
</tr><tr>
<td>Started on:</td><td>Mon Jul 24 19:56:52 IST 2023</td>
</tr>
<tr><td>Total time:</td><td>64 seconds (64604 ms)</td>
</tr><tr>
<td>Included groups:</td><td></td>
</tr><tr>
<td>Excluded groups:</td><td></td>
</tr>
</table><p/>
<small><i>(Hover the method name to see the test class name)</i></small><p/>
<table width='100%' border='1' class='invocation-failed'>
<tr><td colspan='4' align='center'><b>FAILED TESTS</b></td></tr>
<tr><td><b>Test method</b></td>
<td><b>Attribute(s)</b></td>
<td width="30%"><b>Exception</b></td>
<td width="10%"><b>Time (seconds)</b></td>
<td><b>Instance</b></td>
</tr>
<tr>
<td title='com.tutorialsqa.testcases.SearchTest.verifysearchwithinvalidprod()'><b>verifysearchwithinvalidprod</b><br>Test class: com.tutorialsqa.testcases.SearchTest</td>
<td><div><pre>java.lang.AssertionError: expected [true] but found [false]
	at com.tutorialsqa.testcases.SearchTest.verifysearchwithinvalidprod(SearchTest.java:59)
	at java.base/java.util.ArrayList.forEach(ArrayList.java:1511)
... Removed 31 stack frames</pre></div><a href='#' onClick='toggleBox("stack-trace101319115", this, "Click to show all stack frames", "Click to hide stack frames")'>Click to show all stack frames</a>
<div class='stack-trace' id='stack-trace101319115'><pre>java.lang.AssertionError: expected [true] but found [false]
	at org.testng.Assert.fail(Assert.java:111)
	at org.testng.Assert.failNotEquals(Assert.java:1578)
	at org.testng.Assert.assertTrue(Assert.java:57)
	at org.testng.Assert.assertTrue(Assert.java:67)
	at com.tutorialsqa.testcases.SearchTest.verifysearchwithinvalidprod(SearchTest.java:59)
	at java.base/jdk.internal.reflect.NativeMethodAccessorImpl.invoke0(Native Method)
	at java.base/jdk.internal.reflect.NativeMethodAccessorImpl.invoke(NativeMethodAccessorImpl.java:77)
	at java.base/jdk.internal.reflect.DelegatingMethodAccessorImpl.invoke(DelegatingMethodAccessorImpl.java:43)
	at java.base/java.lang.reflect.Method.invoke(Method.java:568)
	at org.testng.internal.invokers.MethodInvocationHelper.invokeMethod(MethodInvocationHelper.java:139)
	at org.testng.internal.invokers.TestInvoker.invokeMethod(TestInvoker.java:664)
	at org.testng.internal.invokers.TestInvoker.invokeTestMethod(TestInvoker.java:227)
	at org.testng.internal.invokers.MethodRunner.runInSequence(MethodRunner.java:50)
	at org.testng.internal.invokers.TestInvoker$MethodInvocationAgent.invoke(TestInvoker.java:957)
	at org.testng.internal.invokers.TestInvoker.invokeTestMethods(TestInvoker.java:200)
	at org.testng.internal.invokers.TestMethodWorker.invokeTestMethods(TestMethodWorker.java:148)
	at org.testng.internal.invokers.TestMethodWorker.run(TestMethodWorker.java:128)
	at java.base/java.util.ArrayList.forEach(ArrayList.java:1511)
	at org.testng.TestRunner.privateRun(TestRunner.java:848)
	at org.testng.TestRunner.run(TestRunner.java:621)
	at org.testng.SuiteRunner.runTest(SuiteRunner.java:443)
	at org.testng.SuiteRunner.runSequentially(SuiteRunner.java:437)
	at org.testng.SuiteRunner.privateRun(SuiteRunner.java:397)
	at org.testng.SuiteRunner.run(SuiteRunner.java:336)
	at org.testng.SuiteRunnerWorker.runSuite(SuiteRunnerWorker.java:52)
	at org.testng.SuiteRunnerWorker.run(SuiteRunnerWorker.java:95)
	at org.testng.TestNG.runSuitesSequentially(TestNG.java:1280)
	at org.testng.TestNG.runSuitesLocally(TestNG.java:1200)
	at org.testng.TestNG.runSuites(TestNG.java:1114)
	at org.testng.TestNG.run(TestNG.java:1082)
	at org.testng.remote.AbstractRemoteTestNG.run(AbstractRemoteTestNG.java:115)
	at org.testng.remote.RemoteTestNG.initAndRun(RemoteTestNG.java:251)
	at org.testng.remote.RemoteTestNG.main(RemoteTestNG.java:77)
</pre></div></td>
<td>0</td>
<td>com.tutorialsqa.testcases.SearchTest@3fc2959f</td></tr>
</table><p>
<table width='100%' border='1' class='invocation-passed'>
<tr><td colspan='4' align='center'><b>PASSED TESTS</b></td></tr>
<tr><td><b>Test method</b></td>
<td><b>Attribute(s)</b></td>
<td width="30%"><b>Exception</b></td>
<td width="10%"><b>Time (seconds)</b></td>
<td><b>Instance</b></td>
</tr>
<tr>
<td title='com.tutorialsqa.testcases.LoginTest.verifyloginwithvalidcredentials()'><b>verifyloginwithvalidcredentials</b><br>Test class: com.tutorialsqa.testcases.LoginTest<br>Parameters: rohinirose443@gmail.com, Rohini96@#</td>
<td></td>
<td>1</td>
<td>com.tutorialsqa.testcases.LoginTest@2f4948e4</td></tr>
<tr>
<td title='com.tutorialsqa.testcases.LoginTest.verifyloginwithvalidcredentials()'><b>verifyloginwithvalidcredentials</b><br>Test class: com.tutorialsqa.testcases.LoginTest<br>Parameters: rohinirose443@gmail.com, Rohini96@#</td>
<td></td>
<td>1</td>
<td>com.tutorialsqa.testcases.LoginTest@2f4948e4</td></tr>
<tr>
<td title='com.tutorialsqa.testcases.RegisterTest.verifyregisterwithexistingemail()'><b>verifyregisterwithexistingemail</b><br>Test class: com.tutorialsqa.testcases.RegisterTest</td>
<td></td>
<td>1</td>
<td>com.tutorialsqa.testcases.RegisterTest@30c15d8b</td></tr>
<tr>
<td title='com.tutorialsqa.testcases.RegisterTest.verifyregisterwithoutgivingdetails()'><b>verifyregisterwithoutgivingdetails</b><br>Test class: com.tutorialsqa.testcases.RegisterTest</td>
<td></td>
<td>1</td>
<td>com.tutorialsqa.testcases.RegisterTest@30c15d8b</td></tr>
<tr>
<td title='com.tutorialsqa.testcases.RegisterTest.verifyregisterwithallfeilds()'><b>verifyregisterwithallfeilds</b><br>Test class: com.tutorialsqa.testcases.RegisterTest</td>
<td></td>
<td>1</td>
<td>com.tutorialsqa.testcases.RegisterTest@30c15d8b</td></tr>
<tr>
<td title='com.tutorialsqa.testcases.LoginTest.verifyinvlaidlogincredentials()'><b>verifyinvlaidlogincredentials</b><br>Test class: com.tutorialsqa.testcases.LoginTest</td>
<td></td>
<td>0</td>
<td>com.tutorialsqa.testcases.LoginTest@2f4948e4</td></tr>
<tr>
<td title='com.tutorialsqa.testcases.LoginTest.verifywthoutcred()'><b>verifywthoutcred</b><br>Test class: com.tutorialsqa.testcases.LoginTest</td>
<td></td>
<td>0</td>
<td>com.tutorialsqa.testcases.LoginTest@2f4948e4</td></tr>
<tr>
<td title='com.tutorialsqa.testcases.LoginTest.verifyvlaidemailandinvalidpass()'><b>verifyvlaidemailandinvalidpass</b><br>Test class: com.tutorialsqa.testcases.LoginTest</td>
<td></td>
<td>0</td>
<td>com.tutorialsqa.testcases.LoginTest@2f4948e4</td></tr>
<tr>
<td title='com.tutorialsqa.testcases.RegisterTest.verifyregisterwithmandatoryfeilds()'><b>verifyregisterwithmandatoryfeilds</b><br>Test class: com.tutorialsqa.testcases.RegisterTest</td>
<td></td>
<td>1</td>
<td>com.tutorialsqa.testcases.RegisterTest@30c15d8b</td></tr>
<tr>
<td title='com.tutorialsqa.testcases.LoginTest.verifyinvlaidemailandvalidpass()'><b>verifyinvlaidemailandvalidpass</b><br>Test class: com.tutorialsqa.testcases.LoginTest</td>
<td></td>
<td>1</td>
<td>com.tutorialsqa.testcases.LoginTest@2f4948e4</td></tr>
<tr>
<td title='com.tutorialsqa.testcases.SearchTest.verifysearchwithvalidprod()'><b>verifysearchwithvalidprod</b><br>Test class: com.tutorialsqa.testcases.SearchTest</td>
<td></td>
<td>0</td>
<td>com.tutorialsqa.testcases.SearchTest@3fc2959f</td></tr>
<tr>
<td title='com.tutorialsqa.testcases.LoginTest.verifyloginwithvalidcredentials()'><b>verifyloginwithvalidcredentials</b><br>Test class: com.tutorialsqa.testcases.LoginTest<br>Parameters: rohinirose443@gmail.com, Rohini96@#</td>
<td></td>
<td>1</td>
<td>com.tutorialsqa.testcases.LoginTest@2f4948e4</td></tr>
</table><p>
<table width='100%' border='1' class='invocation-skipped'>
<tr><td colspan='4' align='center'><b>SKIPPED TESTS</b></td></tr>
<tr><td><b>Test method</b></td>
<td><b>Attribute(s)</b></td>
<td width="30%"><b>Exception</b></td>
<td width="10%"><b>Time (seconds)</b></td>
<td><b>Instance</b></td>
</tr>
<tr>
<td title='com.tutorialsqa.testcases.SearchTest.verifysearchwithoutprodname()'><b>verifysearchwithoutprodname</b><br>Test class: com.tutorialsqa.testcases.SearchTest</td>
<td><div><pre>java.lang.Throwable: Method com.tutorialsqa.testcases.SearchTest.verifysearchwithoutprodname() on instance com.tutorialsqa.testcases.SearchTest@3fc2959f depends on not successfully finished methods 
[com.tutorialsqa.testcases.SearchTest.verifysearchwithinvalidprod() on instance com.tutorialsqa.testcases.SearchTest@3fc2959f]
	at java.base/java.util.ArrayList.forEach(ArrayList.java:1511)
... Removed 18 stack frames</pre></div><a href='#' onClick='toggleBox("stack-trace367035925", this, "Click to show all stack frames", "Click to hide stack frames")'>Click to show all stack frames</a>
<div class='stack-trace' id='stack-trace367035925'><pre>java.lang.Throwable: Method com.tutorialsqa.testcases.SearchTest.verifysearchwithoutprodname() on instance com.tutorialsqa.testcases.SearchTest@3fc2959f depends on not successfully finished methods 
[com.tutorialsqa.testcases.SearchTest.verifysearchwithinvalidprod() on instance com.tutorialsqa.testcases.SearchTest@3fc2959f]
	at org.testng.internal.invokers.TestInvoker.invokeTestMethods(TestInvoker.java:156)
	at org.testng.internal.invokers.TestMethodWorker.invokeTestMethods(TestMethodWorker.java:148)
	at org.testng.internal.invokers.TestMethodWorker.run(TestMethodWorker.java:128)
	at java.base/java.util.ArrayList.forEach(ArrayList.java:1511)
	at org.testng.TestRunner.privateRun(TestRunner.java:848)
	at org.testng.TestRunner.run(TestRunner.java:621)
	at org.testng.SuiteRunner.runTest(SuiteRunner.java:443)
	at org.testng.SuiteRunner.runSequentially(SuiteRunner.java:437)
	at org.testng.SuiteRunner.privateRun(SuiteRunner.java:397)
	at org.testng.SuiteRunner.run(SuiteRunner.java:336)
	at org.testng.SuiteRunnerWorker.runSuite(SuiteRunnerWorker.java:52)
	at org.testng.SuiteRunnerWorker.run(SuiteRunnerWorker.java:95)
	at org.testng.TestNG.runSuitesSequentially(TestNG.java:1280)
	at org.testng.TestNG.runSuitesLocally(TestNG.java:1200)
	at org.testng.TestNG.runSuites(TestNG.java:1114)
	at org.testng.TestNG.run(TestNG.java:1082)
	at org.testng.remote.AbstractRemoteTestNG.run(AbstractRemoteTestNG.java:115)
	at org.testng.remote.RemoteTestNG.initAndRun(RemoteTestNG.java:251)
	at org.testng.remote.RemoteTestNG.main(RemoteTestNG.java:77)
</pre></div></td>
<td>0</td>
<td>com.tutorialsqa.testcases.SearchTest@3fc2959f</td></tr>
</table><p>
</body>
</html>